build/app/intermediates/manifest_merge_blame_file/debug/manifest-merger-blame-debug-report.txt
1<?xml version="1.0" encoding="utf-8"?>
2<manifest xmlns:android="http://schemas.android.com/apk/res/android"
3    package="com.laynescorp.webrtc"
4    android:versionCode="1"
5    android:versionName="1.0.0" >
6
7    <uses-sdk
8        android:minSdkVersion="21"
9        android:targetSdkVersion="28" />
10    <!--
11         Flutter needs it to communicate with the running application
12         to allow setting breakpoints, to provide hot reload, etc.
13    -->
14    <uses-permission android:name="android.permission.INTERNET" />
14-->src\debug\AndroidManifest.xml:6:5-66
14-->src\debug\AndroidManifest.xml:6:22-64
15    <!--
16     io.flutter.app.FlutterApplication is an android.app.Application that
17         calls FlutterMain.startInitialization(this); in its onCreate method.
18         In most cases you can leave this as-is, but you if you want to provide
19         additional functionality it is fine to subclass or reimplement
20         FlutterApplication and put your custom class here.
21    -->
22    <uses-feature android:name="android.hardware.camera" />
22-->src\main\AndroidManifest.xml:8:5-60
22-->src\main\AndroidManifest.xml:8:19-57
23    <uses-feature android:name="android.hardware.camera.autofocus" />
23-->src\main\AndroidManifest.xml:9:5-70
23-->src\main\AndroidManifest.xml:9:19-67
24
25    <uses-permission android:name="android.permission.CAMERA" />
25-->src\main\AndroidManifest.xml:10:5-65
25-->src\main\AndroidManifest.xml:10:22-62
26    <uses-permission android:name="android.permission.RECORD_AUDIO" />
26-->src\main\AndroidManifest.xml:11:5-71
26-->src\main\AndroidManifest.xml:11:22-68
27    <uses-permission android:name="android.permission.ACCESS_NETWORK_STATE" />
27-->src\main\AndroidManifest.xml:12:5-79
27-->src\main\AndroidManifest.xml:12:22-76
28    <uses-permission android:name="android.permission.CHANGE_NETWORK_STATE" />
28-->src\main\AndroidManifest.xml:13:5-79
28-->src\main\AndroidManifest.xml:13:22-76
29    <uses-permission android:name="android.permission.MODIFY_AUDIO_SETTINGS" />
29-->src\main\AndroidManifest.xml:14:5-80
29-->src\main\AndroidManifest.xml:14:22-77
30
31    <application
31-->src\main\AndroidManifest.xml:15:5-36:19
32        android:name="io.flutter.app.FlutterApplication"
32-->src\main\AndroidManifest.xml:16:9-57
33        android:appComponentFactory="androidx.core.app.CoreComponentFactory"
33-->[androidx.core:core:1.0.0] AndroidManifest.xml:22:18-86
34        android:debuggable="true"
35        android:icon="@mipmap/ic_launcher"
35-->src\main\AndroidManifest.xml:18:9-43
36        android:label="webrtc" >
36-->src\main\AndroidManifest.xml:17:9-31
37        <activity
37-->src\main\AndroidManifest.xml:19:9-30:20
38            android:name="com.laynescorp.webrtc.MainActivity"
38-->src\main\AndroidManifest.xml:20:13-41
39            android:configChanges="orientation|keyboardHidden|keyboard|screenSize|smallestScreenSize|locale|layoutDirection|fontScale|screenLayout|density|uiMode"
39-->src\main\AndroidManifest.xml:23:13-163
40            android:hardwareAccelerated="true"
40-->src\main\AndroidManifest.xml:24:13-47
41            android:launchMode="singleTop"
41-->src\main\AndroidManifest.xml:21:13-43
42            android:theme="@style/LaunchTheme"
42-->src\main\AndroidManifest.xml:22:13-47
43            android:windowSoftInputMode="adjustResize" >
43-->src\main\AndroidManifest.xml:25:13-55
44            <intent-filter>
44-->src\main\AndroidManifest.xml:26:13-29:29
45                <action android:name="android.intent.action.MAIN" />
45-->src\main\AndroidManifest.xml:27:17-68
45-->src\main\AndroidManifest.xml:27:25-66
46
47                <category android:name="android.intent.category.LAUNCHER" />
47-->src\main\AndroidManifest.xml:28:17-76
47-->src\main\AndroidManifest.xml:28:27-74
48            </intent-filter>
49        </activity>
50        <!--
51             Don't delete the meta-data below.
52             This is used by the Flutter tool to generate GeneratedPluginRegistrant.java
53        -->
54        <meta-data
54-->src\main\AndroidManifest.xml:33:9-35:33
55            android:name="flutterEmbedding"
55-->src\main\AndroidManifest.xml:34:13-44
56            android:value="2" />
56-->src\main\AndroidManifest.xml:35:13-30
57    </application>
58
59</manifest>